vmanager: *I,MERGL1: Preparing icc target model ...
vmanager: *I,MERGL1: Doing model union ...
vmanager: *I,MERGL2:   With primary run (/home/grads/s/sushan_1201/lab-10-sushanTamu/lab10/sim/regression/htax_regress.sushan_1201.23_12_03_15_42_47_2727/model_dir): /home/grads/s/sushan_1201/lab-10-sushanTamu/lab10/sim/regression/htax_regress.sushan_1201.23_12_03_15_42_47_2727/model_dir/icc_4e8e3c4e_7247b377.ucm
vmanager: *I,MERGL1: Target model generated successfully.
vmanager: *I,MERGL1: Projecting data into the target model ...
vmanager: *I,MERGL2:   /home/grads/s/sushan_1201/lab-10-sushanTamu/lab10/sim/regression/htax_regress.sushan_1201.23_12_03_15_42_47_2727/chain_0/all_test/run_1/cov_work/scope/test_sv-1368448293:
vmanager: *I,MERGL3:       Data is projected in to the target model.
vmanager: *I,MERGL2:   /home/grads/s/sushan_1201/lab-10-sushanTamu/lab10/sim/regression/htax_regress.sushan_1201.23_12_03_15_42_47_2727/chain_0/all_test/run_2/cov_work/scope/test_sv2121209737:
vmanager: *I,MERGL3:       Data is projected in to the target model.
vmanager: *I,MERGL2:   /home/grads/s/sushan_1201/lab-10-sushanTamu/lab10/sim/regression/htax_regress.sushan_1201.23_12_03_15_42_47_2727/chain_0/all_test/run_3/cov_work/scope/test_sv1634666407:
vmanager: *I,MERGL3:       Data is projected in to the target model.
vmanager: *I,MERGL2:   /home/grads/s/sushan_1201/lab-10-sushanTamu/lab10/sim/regression/htax_regress.sushan_1201.23_12_03_15_42_47_2727/chain_0/all_test/run_4/cov_work/scope/test_sv1232040502:
vmanager: *I,MERGL3:       Data is projected in to the target model.
vmanager: *I,MERGL2:   /home/grads/s/sushan_1201/lab-10-sushanTamu/lab10/sim/regression/htax_regress.sushan_1201.23_12_03_15_42_47_2727/chain_0/all_test/run_5/cov_work/scope/test_sv1500472632:
vmanager: *I,MERGL3:       Data is projected in to the target model.
vmanager: *I,MERGL2:   /home/grads/s/sushan_1201/lab-10-sushanTamu/lab10/sim/regression/htax_regress.sushan_1201.23_12_03_15_42_47_2727/chain_0/all_test/run_6/cov_work/scope/test_sv1164929357:
vmanager: *I,MERGL3:       Data is projected in to the target model.
vmanager: *I,MERGL2:   /home/grads/s/sushan_1201/lab-10-sushanTamu/lab10/sim/regression/htax_regress.sushan_1201.23_12_03_15_42_47_2727/chain_0/all_test/run_7/cov_work/scope/test_sv359617011:
vmanager: *I,MERGL3:       Data is projected in to the target model.
vmanager: *I,MERGL2:   /home/grads/s/sushan_1201/lab-10-sushanTamu/lab10/sim/regression/htax_regress.sushan_1201.23_12_03_15_42_47_2727/chain_0/all_test/run_8/cov_work/scope/test_sv-1250993343:
vmanager: *I,MERGL3:       Data is projected in to the target model.
vmanager: *I,MERGL2:   /home/grads/s/sushan_1201/lab-10-sushanTamu/lab10/sim/regression/htax_regress.sushan_1201.23_12_03_15_42_47_2727/chain_0/all_test/run_9/cov_work/scope/test_sv-848346608:
vmanager: *I,MERGL3:       Data is projected in to the target model.
vmanager: *I,MERGL2:   /home/grads/s/sushan_1201/lab-10-sushanTamu/lab10/sim/regression/htax_regress.sushan_1201.23_12_03_15_42_47_2727/chain_0/all_test/run_10/cov_work/scope/test_sv493833705:
vmanager: *I,MERGL3:       Data is projected in to the target model.
vmanager: *I,MERGL2:   /home/grads/s/sushan_1201/lab-10-sushanTamu/lab10/sim/regression/htax_regress.sushan_1201.23_12_03_15_42_47_2727/chain_0/all_test/run_11/cov_work/scope/test_sv2104473450:
vmanager: *I,MERGL3:       Data is projected in to the target model.
vmanager: *I,MERGL2:   /home/grads/s/sushan_1201/lab-10-sushanTamu/lab10/sim/regression/htax_regress.sushan_1201.23_12_03_15_42_47_2727/chain_0/all_test/run_12/cov_work/scope/test_sv594525803:
vmanager: *I,MERGL3:       Data is projected in to the target model.
vmanager: *I,MERGL2:   /home/grads/s/sushan_1201/lab-10-sushanTamu/lab10/sim/regression/htax_regress.sushan_1201.23_12_03_15_42_47_2727/chain_0/all_test/run_13/cov_work/scope/test_sv-1821394521:
vmanager: *I,MERGL3:       Data is projected in to the target model.
vmanager: *I,MERGL2:   /home/grads/s/sushan_1201/lab-10-sushanTamu/lab10/sim/regression/htax_regress.sushan_1201.23_12_03_15_42_47_2727/chain_0/all_test/run_14/cov_work/scope/test_sv-210787447:
vmanager: *I,MERGL3:       Data is projected in to the target model.
vmanager: *I,MERGL2:   /home/grads/s/sushan_1201/lab-10-sushanTamu/lab10/sim/regression/htax_regress.sushan_1201.23_12_03_15_42_47_2727/chain_0/all_test/run_15/cov_work/scope/test_sv728739278:
vmanager: *I,MERGL3:       Data is projected in to the target model.
vmanager: *I,MERGL2:   /home/grads/s/sushan_1201/lab-10-sushanTamu/lab10/sim/regression/htax_regress.sushan_1201.23_12_03_15_42_47_2727/chain_0/all_test/run_20/cov_work/scope/test_sv795838622:
vmanager: *I,MERGL3:       Data is projected in to the target model.
vmanager: *I,MERGL2:   /home/grads/s/sushan_1201/lab-10-sushanTamu/lab10/sim/regression/htax_regress.sushan_1201.23_12_03_15_42_47_2727/chain_0/all_test/run_28/cov_work/scope/test_sv217010742:
vmanager: *I,MERGL3:       Data is projected in to the target model.
vmanager: *I,MERGL2:   /home/grads/s/sushan_1201/lab-10-sushanTamu/lab10/sim/regression/htax_regress.sushan_1201.23_12_03_15_42_47_2727/chain_0/all_test/run_31/cov_work/scope/test_sv1123001480:
vmanager: *I,MERGL3:       Data is projected in to the target model.
vmanager: *I,MERGL2:   /home/grads/s/sushan_1201/lab-10-sushanTamu/lab10/sim/regression/htax_regress.sushan_1201.23_12_03_15_42_47_2727/chain_0/all_test/run_33/cov_work/scope/test_sv1928299019:
vmanager: *I,MERGL3:       Data is projected in to the target model.
vmanager: *I,MERGL2:   /home/grads/s/sushan_1201/lab-10-sushanTamu/lab10/sim/regression/htax_regress.sushan_1201.23_12_03_15_42_47_2727/chain_0/all_test/run_36/cov_work/scope/test_sv1190072598:
vmanager: *I,MERGL3:       Data is projected in to the target model.
vmanager: *I,MERGL2:   /home/grads/s/sushan_1201/lab-10-sushanTamu/lab10/sim/regression/htax_regress.sushan_1201.23_12_03_15_42_47_2727/chain_0/all_test/run_39/cov_work/scope/test_sv1861184066:
vmanager: *I,MERGL3:       Data is projected in to the target model.
vmanager: *I,MERGL2:   /home/grads/s/sushan_1201/lab-10-sushanTamu/lab10/sim/regression/htax_regress.sushan_1201.23_12_03_15_42_47_2727/chain_0/all_test/run_44/cov_work/scope/test_sv703573263:
vmanager: *I,MERGL3:       Data is projected in to the target model.
vmanager: *I,MERGL2:   /home/grads/s/sushan_1201/lab-10-sushanTamu/lab10/sim/regression/htax_regress.sushan_1201.23_12_03_15_42_47_2727/chain_0/all_test/run_45/cov_work/scope/test_sv-638611351:
vmanager: *I,MERGL3:       Data is projected in to the target model.
vmanager: *I,MERGL2:   /home/grads/s/sushan_1201/lab-10-sushanTamu/lab10/sim/regression/htax_regress.sushan_1201.23_12_03_15_42_47_2727/chain_0/all_test/run_49/cov_work/scope/test_sv770649286:
vmanager: *I,MERGL3:       Data is projected in to the target model.
vmanager: *I,MERGL2:   /home/grads/s/sushan_1201/lab-10-sushanTamu/lab10/sim/regression/htax_regress.sushan_1201.23_12_03_15_42_47_2727/chain_0/all_test/run_63/cov_work/scope/test_sv673141996:
vmanager: *I,MERGL3:       Data is projected in to the target model.
vmanager: *I,MERGL2:   /home/grads/s/sushan_1201/lab-10-sushanTamu/lab10/sim/regression/htax_regress.sushan_1201.23_12_03_15_42_47_2727/chain_0/all_test/run_67/cov_work/scope/test_sv-736132427:
vmanager: *I,MERGL3:       Data is projected in to the target model.
vmanager: *I,MERGL2:   /home/grads/s/sushan_1201/lab-10-sushanTamu/lab10/sim/regression/htax_regress.sushan_1201.23_12_03_15_42_47_2727/chain_0/all_test/run_71/cov_work/scope/test_sv-1574993941:
vmanager: *I,MERGL3:       Data is projected in to the target model.
vmanager: *I,MERGL1: Projecting data into the target model ...
vmanager: *I,MERGL2:   /home/grads/s/sushan_1201/lab-10-sushanTamu/lab10/sim/regression/htax_regress.sushan_1201.23_12_03_15_42_47_2727/chain_0/all_test/run_16/cov_work/scope/test_sv-1150315474:
vmanager: *I,MERGL3:       Data is projected in to the target model.
vmanager: *I,MERGL2:   /home/grads/s/sushan_1201/lab-10-sushanTamu/lab10/sim/regression/htax_regress.sushan_1201.23_12_03_15_42_47_2727/chain_0/all_test/run_17/cov_work/scope/test_sv1198496978:
vmanager: *I,MERGL3:       Data is projected in to the target model.
vmanager: *I,MERGL2:   /home/grads/s/sushan_1201/lab-10-sushanTamu/lab10/sim/regression/htax_regress.sushan_1201.23_12_03_15_42_47_2727/chain_0/all_test/run_18/cov_work/scope/test_sv393184812:
vmanager: *I,MERGL3:       Data is projected in to the target model.
vmanager: *I,MERGL2:   /home/grads/s/sushan_1201/lab-10-sushanTamu/lab10/sim/regression/htax_regress.sushan_1201.23_12_03_15_42_47_2727/chain_0/all_test/run_19/cov_work/scope/test_sv2003796478:
vmanager: *I,MERGL3:       Data is projected in to the target model.
vmanager: *I,MERGL2:   /home/grads/s/sushan_1201/lab-10-sushanTamu/lab10/sim/regression/htax_regress.sushan_1201.23_12_03_15_42_47_2727/chain_0/all_test/run_21/cov_work/scope/test_sv-546361124:
vmanager: *I,MERGL3:       Data is projected in to the target model.
vmanager: *I,MERGL2:   /home/grads/s/sushan_1201/lab-10-sushanTamu/lab10/sim/regression/htax_regress.sushan_1201.23_12_03_15_42_47_2727/chain_0/all_test/run_22/cov_work/scope/test_sv552544131:
vmanager: *I,MERGL3:       Data is projected in to the target model.
vmanager: *I,MERGL2:   /home/grads/s/sushan_1201/lab-10-sushanTamu/lab10/sim/regression/htax_regress.sushan_1201.23_12_03_15_42_47_2727/chain_0/all_test/run_23/cov_work/scope/test_sv-1326503898:
vmanager: *I,MERGL3:       Data is projected in to the target model.
vmanager: *I,MERGL2:   /home/grads/s/sushan_1201/lab-10-sushanTamu/lab10/sim/regression/htax_regress.sushan_1201.23_12_03_15_42_47_2727/chain_0/all_test/run_24/cov_work/scope/test_sv1760500814:
vmanager: *I,MERGL3:       Data is projected in to the target model.
vmanager: *I,MERGL2:   /home/grads/s/sushan_1201/lab-10-sushanTamu/lab10/sim/regression/htax_regress.sushan_1201.23_12_03_15_42_47_2727/chain_0/all_test/run_25/cov_work/scope/test_sv-118550578:
vmanager: *I,MERGL3:       Data is projected in to the target model.
vmanager: *I,MERGL2:   /home/grads/s/sushan_1201/lab-10-sushanTamu/lab10/sim/regression/htax_regress.sushan_1201.23_12_03_15_42_47_2727/chain_0/all_test/run_26/cov_work/scope/test_sv-1527811893:
vmanager: *I,MERGL3:       Data is projected in to the target model.
vmanager: *I,MERGL2:   /home/grads/s/sushan_1201/lab-10-sushanTamu/lab10/sim/regression/htax_regress.sushan_1201.23_12_03_15_42_47_2727/chain_0/all_test/run_27/cov_work/scope/test_sv-722508858:
vmanager: *I,MERGL3:       Data is projected in to the target model.
vmanager: *I,MERGL2:   /home/grads/s/sushan_1201/lab-10-sushanTamu/lab10/sim/regression/htax_regress.sushan_1201.23_12_03_15_42_47_2727/chain_0/all_test/run_29/cov_work/scope/test_sv-319864645:
vmanager: *I,MERGL3:       Data is projected in to the target model.
vmanager: *I,MERGL2:   /home/grads/s/sushan_1201/lab-10-sushanTamu/lab10/sim/regression/htax_regress.sushan_1201.23_12_03_15_42_47_2727/chain_0/all_test/run_30/cov_work/scope/test_sv1022342570:
vmanager: *I,MERGL3:       Data is projected in to the target model.
vmanager: *I,MERGL2:   /home/grads/s/sushan_1201/lab-10-sushanTamu/lab10/sim/regression/htax_regress.sushan_1201.23_12_03_15_42_47_2727/chain_0/all_test/run_32/cov_work/scope/test_sv317690378:
vmanager: *I,MERGL3:       Data is projected in to the target model.
vmanager: *I,MERGL2:   /home/grads/s/sushan_1201/lab-10-sushanTamu/lab10/sim/regression/htax_regress.sushan_1201.23_12_03_15_42_47_2727/chain_0/all_test/run_34/cov_work/scope/test_sv720318909:
vmanager: *I,MERGL3:       Data is projected in to the target model.
vmanager: *I,MERGL2:   /home/grads/s/sushan_1201/lab-10-sushanTamu/lab10/sim/regression/htax_regress.sushan_1201.23_12_03_15_42_47_2727/chain_0/all_test/run_35/cov_work/scope/test_sv1525620948:
vmanager: *I,MERGL3:       Data is projected in to the target model.
vmanager: *I,MERGL2:   /home/grads/s/sushan_1201/lab-10-sushanTamu/lab10/sim/regression/htax_regress.sushan_1201.23_12_03_15_42_47_2727/chain_0/all_test/run_37/cov_work/scope/test_sv-688977555:
vmanager: *I,MERGL3:       Data is projected in to the target model.
vmanager: *I,MERGL2:   /home/grads/s/sushan_1201/lab-10-sushanTamu/lab10/sim/regression/htax_regress.sushan_1201.23_12_03_15_42_47_2727/chain_0/all_test/run_38/cov_work/scope/test_sv-1896913098:
vmanager: *I,MERGL3:       Data is projected in to the target model.
vmanager: *I,MERGL2:   /home/grads/s/sushan_1201/lab-10-sushanTamu/lab10/sim/regression/htax_regress.sushan_1201.23_12_03_15_42_47_2727/chain_0/all_test/run_40/cov_work/scope/test_sv1055874640:
vmanager: *I,MERGL3:       Data is projected in to the target model.
vmanager: *I,MERGL2:   /home/grads/s/sushan_1201/lab-10-sushanTamu/lab10/sim/regression/htax_regress.sushan_1201.23_12_03_15_42_47_2727/chain_0/all_test/run_41/cov_work/scope/test_sv1106199158:
vmanager: *I,MERGL3:       Data is projected in to the target model.
vmanager: *I,MERGL2:   /home/grads/s/sushan_1201/lab-10-sushanTamu/lab10/sim/regression/htax_regress.sushan_1201.23_12_03_15_42_47_2727/chain_0/all_test/run_42/cov_work/scope/test_sv300921924:
vmanager: *I,MERGL3:       Data is projected in to the target model.
vmanager: *I,MERGL2:   /home/grads/s/sushan_1201/lab-10-sushanTamu/lab10/sim/regression/htax_regress.sushan_1201.23_12_03_15_42_47_2727/chain_0/all_test/run_43/cov_work/scope/test_sv1911535893:
vmanager: *I,MERGL3:       Data is projected in to the target model.
vmanager: *I,MERGL2:   /home/grads/s/sushan_1201/lab-10-sushanTamu/lab10/sim/regression/htax_regress.sushan_1201.23_12_03_15_42_47_2727/chain_0/all_test/run_46/cov_work/scope/test_sv-2047900646:
vmanager: *I,MERGL3:       Data is projected in to the target model.
vmanager: *I,MERGL2:   /home/grads/s/sushan_1201/lab-10-sushanTamu/lab10/sim/regression/htax_regress.sushan_1201.23_12_03_15_42_47_2727/chain_0/all_test/run_47/cov_work/scope/test_sv1710197044:
vmanager: *I,MERGL3:       Data is projected in to the target model.
vmanager: *I,MERGL2:   /home/grads/s/sushan_1201/lab-10-sushanTamu/lab10/sim/regression/htax_regress.sushan_1201.23_12_03_15_42_47_2727/chain_0/all_test/run_48/cov_work/scope/test_sv904870891:
vmanager: *I,MERGL3:       Data is projected in to the target model.
vmanager: *I,MERGL2:   /home/grads/s/sushan_1201/lab-10-sushanTamu/lab10/sim/regression/htax_regress.sushan_1201.23_12_03_15_42_47_2727/chain_0/all_test/run_50/cov_work/scope/test_sv2112823191:
vmanager: *I,MERGL3:       Data is projected in to the target model.
vmanager: *I,MERGL2:   /home/grads/s/sushan_1201/lab-10-sushanTamu/lab10/sim/regression/htax_regress.sushan_1201.23_12_03_15_42_47_2727/chain_0/all_test/run_51/cov_work/scope/test_sv602865895:
vmanager: *I,MERGL3:       Data is projected in to the target model.
vmanager: *I,MERGL2:   /home/grads/s/sushan_1201/lab-10-sushanTamu/lab10/sim/regression/htax_regress.sushan_1201.23_12_03_15_42_47_2727/chain_0/all_test/run_52/cov_work/scope/test_sv-1813024036:
vmanager: *I,MERGL3:       Data is projected in to the target model.
vmanager: *I,MERGL2:   /home/grads/s/sushan_1201/lab-10-sushanTamu/lab10/sim/regression/htax_regress.sushan_1201.23_12_03_15_42_47_2727/chain_0/all_test/run_53/cov_work/scope/test_sv1945068556:
vmanager: *I,MERGL3:       Data is projected in to the target model.
vmanager: *I,MERGL2:   /home/grads/s/sushan_1201/lab-10-sushanTamu/lab10/sim/regression/htax_regress.sushan_1201.23_12_03_15_42_47_2727/chain_0/all_test/run_54/cov_work/scope/test_sv-336637888:
vmanager: *I,MERGL3:       Data is projected in to the target model.
vmanager: *I,MERGL2:   /home/grads/s/sushan_1201/lab-10-sushanTamu/lab10/sim/regression/htax_regress.sushan_1201.23_12_03_15_42_47_2727/chain_0/all_test/run_55/cov_work/scope/test_sv2079277470:
vmanager: *I,MERGL3:       Data is projected in to the target model.
vmanager: *I,MERGL2:   /home/grads/s/sushan_1201/lab-10-sushanTamu/lab10/sim/regression/htax_regress.sushan_1201.23_12_03_15_42_47_2727/chain_0/all_test/run_56/cov_work/scope/test_sv-1477460093:
vmanager: *I,MERGL3:       Data is projected in to the target model.
vmanager: *I,MERGL2:   /home/grads/s/sushan_1201/lab-10-sushanTamu/lab10/sim/regression/htax_regress.sushan_1201.23_12_03_15_42_47_2727/chain_0/all_test/run_57/cov_work/scope/test_sv-672161474:
vmanager: *I,MERGL3:       Data is projected in to the target model.
vmanager: *I,MERGL2:   /home/grads/s/sushan_1201/lab-10-sushanTamu/lab10/sim/regression/htax_regress.sushan_1201.23_12_03_15_42_47_2727/chain_0/all_test/run_58/cov_work/scope/test_sv267360845:
vmanager: *I,MERGL3:       Data is projected in to the target model.
vmanager: *I,MERGL2:   /home/grads/s/sushan_1201/lab-10-sushanTamu/lab10/sim/regression/htax_regress.sushan_1201.23_12_03_15_42_47_2727/chain_0/all_test/run_59/cov_work/scope/test_sv1877947646:
vmanager: *I,MERGL3:       Data is projected in to the target model.
vmanager: *I,MERGL2:   /home/grads/s/sushan_1201/lab-10-sushanTamu/lab10/sim/regression/htax_regress.sushan_1201.23_12_03_15_42_47_2727/chain_0/all_test/run_60/cov_work/scope/test_sv1072636212:
vmanager: *I,MERGL3:       Data is projected in to the target model.
vmanager: *I,MERGL2:   /home/grads/s/sushan_1201/lab-10-sushanTamu/lab10/sim/regression/htax_regress.sushan_1201.23_12_03_15_42_47_2727/chain_0/all_test/run_61/cov_work/scope/test_sv-1608574571:
vmanager: *I,MERGL3:       Data is projected in to the target model.
vmanager: *I,MERGL2:   /home/grads/s/sushan_1201/lab-10-sushanTamu/lab10/sim/regression/htax_regress.sushan_1201.23_12_03_15_42_47_2727/chain_0/all_test/run_62/cov_work/scope/test_sv1881111137:
vmanager: *I,MERGL3:       Data is projected in to the target model.
vmanager: *I,MERGL2:   /home/grads/s/sushan_1201/lab-10-sushanTamu/lab10/sim/regression/htax_regress.sushan_1201.23_12_03_15_42_47_2727/chain_0/all_test/run_64/cov_work/scope/test_sv-669040143:
vmanager: *I,MERGL3:       Data is projected in to the target model.
vmanager: *I,MERGL2:   /home/grads/s/sushan_1201/lab-10-sushanTamu/lab10/sim/regression/htax_regress.sushan_1201.23_12_03_15_42_47_2727/chain_0/all_test/run_65/cov_work/scope/test_sv69189525:
vmanager: *I,MERGL3:       Data is projected in to the target model.
vmanager: *I,MERGL2:   /home/grads/s/sushan_1201/lab-10-sushanTamu/lab10/sim/regression/htax_regress.sushan_1201.23_12_03_15_42_47_2727/chain_0/all_test/run_66/cov_work/scope/test_sv-1541428747:
vmanager: *I,MERGL3:       Data is projected in to the target model.
vmanager: *I,MERGL2:   /home/grads/s/sushan_1201/lab-10-sushanTamu/lab10/sim/regression/htax_regress.sushan_1201.23_12_03_15_42_47_2727/chain_0/all_test/run_68/cov_work/scope/test_sv-1944111103:
vmanager: *I,MERGL3:       Data is projected in to the target model.
vmanager: *I,MERGL2:   /home/grads/s/sushan_1201/lab-10-sushanTamu/lab10/sim/regression/htax_regress.sushan_1201.23_12_03_15_42_47_2727/chain_0/all_test/run_69/cov_work/scope/test_sv1545539852:
vmanager: *I,MERGL3:       Data is projected in to the target model.
vmanager: *I,MERGL2:   /home/grads/s/sushan_1201/lab-10-sushanTamu/lab10/sim/regression/htax_regress.sushan_1201.23_12_03_15_42_47_2727/chain_0/all_test/run_70/cov_work/scope/test_sv35586343:
vmanager: *I,MERGL3:       Data is projected in to the target model.
vmanager: *I,MERGL1: Writing icc model to /home/grads/s/sushan_1201/lab-10-sushanTamu/lab10/sim/regression/htax_regress.sushan_1201.23_12_03_15_42_47_2727/merged_ucds/default/1701640266603/icc_4e8e3c4e_7247b377.ucm(merged)
vmanager: *I,MERGL1: Writing icc data to /home/grads/s/sushan_1201/lab-10-sushanTamu/lab10/sim/regression/htax_regress.sushan_1201.23_12_03_15_42_47_2727/merged_ucds/default/1701640266603/merged_tests/icc_4e8e3c4e_7247b377.ucd(merged)
vmanager: *I,coverage.merge_op_done_no_warns: Merge operation (session runs merge) is done without any conflicts.
