vmanager: *W,db.runs.toomany: You have 98,382 runs in the database. 100,000 is limit for installed edition.
Cadence vManager(64): 22.03-s003: (c) Copyright 1995-2022 Cadence Design Systems Inc - Simulator version: 22.03-s004 - Coverage engine version: 22.03-s004
Starting gui mode
vmanager: *I,MERGL1: The merged icc coverage cache was reused for analysis: /home/grads/s/sushan_1201/lab-10-sushanTamu/lab10/sim/regression/htax_regress.sushan_1201.23_12_03_18_46_33_9534/merged_ucds/default/1701654051480/merged_tests/icc_4e8e3c4e_7247b377.ucd(merged)
vmanager: *W,db.runs.toomany: You have 98,511 runs in the database. 100,000 is limit for installed edition.
vmanager: *I,MERGL1: The merged icc coverage cache was reused for analysis: /home/grads/s/sushan_1201/lab-10-sushanTamu/lab10/sim/regression/htax_regress.sushan_1201.23_12_03_18_46_33_9534/merged_ucds/default/1701654051480/merged_tests/icc_4e8e3c4e_7247b377.ucd(merged)
vmanager: *W,db.runs.toomany: You have 98,397 runs in the database. 100,000 is limit for installed edition.
vmanager: *W,db.runs.toomany: You have 98,452 runs in the database. 100,000 is limit for installed edition.
vmanager: *W,db.runs.toomany: You have 98,452 runs in the database. 100,000 is limit for installed edition.
vmanager: *W,db.runs.toomany: You have 98,452 runs in the database. 100,000 is limit for installed edition.
vmanager: *W,db.runs.toomany: You have 98,452 runs in the database. 100,000 is limit for installed edition.
vmanager: *W,db.runs.toomany: You have 98,452 runs in the database. 100,000 is limit for installed edition.
vmanager: *W,db.runs.toomany: You have 98,452 runs in the database. 100,000 is limit for installed edition.
vmanager: *I,runner.startingSession: Starting session /home/grads/s/sushan_1201/lab-10-sushanTamu/lab10/sim/run_vm.vsif
vmanager: *W,runner.oldRunnerDeprecation: Old Runner will be deprecated soon. It is recommended that you enable Runner 2.0 using configuration option runner.drm.enable_runner2. Starting next release, Runner 2.0 will be enabled by default.
vmanager: *W,runner.drmWarning: Runner: DRM: Job limit of 100 was reduced to 1 due to usage of Serial Local DRM.
vmanager: *I,runner.sessionStarted: Session htax_regress.sushan_1201.23_12_04_01_23_41_5845 started.
vmanager: *I,session.delete.completed: "Deletion of session dir for session 'htax_regress.sushan_1201.23_12_03_18_46_33_9534' has completed.
vmanager: *W,db.runs.toomany: You have 98,482 runs in the database. 100,000 is limit for installed edition.
vmanager: *W,db.runs.toomany: You have 98,581 runs in the database. 100,000 is limit for installed edition.
vmanager: *W,db.runs.toomany: You have 98,581 runs in the database. 100,000 is limit for installed edition.
vmanager: *W,db.runs.toomany: You have 98,581 runs in the database. 100,000 is limit for installed edition.
vmanager: *W,db.runs.toomany: You have 98,581 runs in the database. 100,000 is limit for installed edition.
vmanager: *W,db.runs.toomany: You have 98,581 runs in the database. 100,000 is limit for installed edition.
